d:\university\semesters\semester 5\computer graphics & visual designs\lab\project files\computer graphics lab 1\computer graphics lab 1\computer.5dbdb477\x64\debug\vc143.pdb
d:\university\semesters\semester 5\computer graphics & visual designs\lab\project files\computer graphics lab 1\computer graphics lab 1\computer.5dbdb477\x64\debug\vc143.idb
d:\university\semesters\semester 5\computer graphics & visual designs\lab\project files\computer graphics lab 1\computer graphics lab 1\computer.5dbdb477\x64\debug\main.obj
d:\university\semesters\semester 5\computer graphics & visual designs\lab\project files\computer graphics lab 1\computer graphics lab 1\computer.5dbdb477\x64\debug\imgui_widgets.obj
d:\university\semesters\semester 5\computer graphics & visual designs\lab\project files\computer graphics lab 1\computer graphics lab 1\computer.5dbdb477\x64\debug\imgui_tables.obj
d:\university\semesters\semester 5\computer graphics & visual designs\lab\project files\computer graphics lab 1\computer graphics lab 1\computer.5dbdb477\x64\debug\imgui_impl_glfw.obj
d:\university\semesters\semester 5\computer graphics & visual designs\lab\project files\computer graphics lab 1\computer graphics lab 1\computer.5dbdb477\x64\debug\imgui_draw.obj
d:\university\semesters\semester 5\computer graphics & visual designs\lab\project files\computer graphics lab 1\computer graphics lab 1\computer.5dbdb477\x64\debug\imgui_demo.obj
d:\university\semesters\semester 5\computer graphics & visual designs\lab\project files\computer graphics lab 1\computer graphics lab 1\computer.5dbdb477\x64\debug\imgui.obj
d:\university\semesters\semester 5\computer graphics & visual designs\lab\project files\computer graphics lab 1\computer graphics lab 1\computer.5dbdb477\x64\debug\imgui_impl_opengl3.obj
d:\university\semesters\semester 5\computer graphics & visual designs\lab\project files\computer graphics lab 1\computer graphics lab 1\computer.5dbdb477\x64\debug\skybox.obj
d:\university\semesters\semester 5\computer graphics & visual designs\lab\project files\computer graphics lab 1\computer graphics lab 1\computer.5dbdb477\x64\debug\shader.obj
d:\university\semesters\semester 5\computer graphics & visual designs\lab\project files\computer graphics lab 1\computer graphics lab 1\computer.5dbdb477\x64\debug\camera.obj
d:\university\semesters\semester 5\computer graphics & visual designs\lab\project files\computer graphics lab 1\computer graphics lab 1\computer.5dbdb477\x64\debug\mesh.obj
d:\university\semesters\semester 5\computer graphics & visual designs\lab\project files\computer graphics lab 1\computer graphics lab 1\computer.5dbdb477\x64\debug\model.obj
d:\university\semesters\semester 5\computer graphics & visual designs\lab\project files\computer graphics lab 1\computer graphics lab 1\computer.5dbdb477\x64\debug\glad.obj
d:\university\semesters\semester 5\computer graphics & visual designs\lab\project files\computer graphics lab 1\computer graphics lab 1\x64\debug\assimp-vc143-mtd.dll
d:\university\semesters\semester 5\computer graphics & visual designs\lab\project files\computer graphics lab 1\computer graphics lab 1\x64\debug\poly2tri.dll
d:\university\semesters\semester 5\computer graphics & visual designs\lab\project files\computer graphics lab 1\computer graphics lab 1\x64\debug\minizip.dll
d:\university\semesters\semester 5\computer graphics & visual designs\lab\project files\computer graphics lab 1\computer graphics lab 1\x64\debug\zlibd1.dll
d:\university\semesters\semester 5\computer graphics & visual designs\lab\project files\computer graphics lab 1\computer graphics lab 1\x64\debug\pugixml.dll
d:\university\semesters\semester 5\computer graphics & visual designs\lab\project files\computer graphics lab 1\computer graphics lab 1\x64\debug\computer graphics lab 1.exe
d:\university\semesters\semester 5\computer graphics & visual designs\lab\project files\computer graphics lab 1\computer graphics lab 1\x64\debug\computer graphics lab 1.pdb
d:\university\semesters\semester 5\computer graphics & visual designs\lab\project files\computer graphics lab 1\computer graphics lab 1\computer.5dbdb477\x64\debug\computer graphics lab 1.ilk
d:\university\semesters\semester 5\computer graphics & visual designs\lab\project files\computer graphics lab 1\computer graphics lab 1\computer.5dbdb477\x64\debug\light.obj
d:\university\semesters\semester 5\computer graphics & visual designs\lab\project files\computer graphics lab 1\computer graphics lab 1\computer.5dbdb477\x64\debug\lightmanager.obj
d:\university\semesters\semester 5\computer graphics & visual designs\lab\project files\computer graphics lab 1\computer graphics lab 1\computer.5dbdb477\x64\debug\computer.5dbdb477.tlog\cl.command.1.tlog
d:\university\semesters\semester 5\computer graphics & visual designs\lab\project files\computer graphics lab 1\computer graphics lab 1\computer.5dbdb477\x64\debug\computer.5dbdb477.tlog\cl.items.tlog
d:\university\semesters\semester 5\computer graphics & visual designs\lab\project files\computer graphics lab 1\computer graphics lab 1\computer.5dbdb477\x64\debug\computer.5dbdb477.tlog\cl.read.1.tlog
d:\university\semesters\semester 5\computer graphics & visual designs\lab\project files\computer graphics lab 1\computer graphics lab 1\computer.5dbdb477\x64\debug\computer.5dbdb477.tlog\cl.write.1.tlog
d:\university\semesters\semester 5\computer graphics & visual designs\lab\project files\computer graphics lab 1\computer graphics lab 1\computer.5dbdb477\x64\debug\computer.5dbdb477.tlog\computer graphics lab 1.write.1u.tlog
d:\university\semesters\semester 5\computer graphics & visual designs\lab\project files\computer graphics lab 1\computer graphics lab 1\computer.5dbdb477\x64\debug\computer.5dbdb477.tlog\link.command.1.tlog
d:\university\semesters\semester 5\computer graphics & visual designs\lab\project files\computer graphics lab 1\computer graphics lab 1\computer.5dbdb477\x64\debug\computer.5dbdb477.tlog\link.read.1.tlog
d:\university\semesters\semester 5\computer graphics & visual designs\lab\project files\computer graphics lab 1\computer graphics lab 1\computer.5dbdb477\x64\debug\computer.5dbdb477.tlog\link.secondary.1.tlog
d:\university\semesters\semester 5\computer graphics & visual designs\lab\project files\computer graphics lab 1\computer graphics lab 1\computer.5dbdb477\x64\debug\computer.5dbdb477.tlog\link.write.1.tlog
